<?xml version="1.0" encoding="UTF-8"?>
<testng-results ignored="0" total="1" passed="1" failed="0" skipped="0">
  <reporter-output>
  </reporter-output>
  <suite started-at="2025-08-26T10:02:29 IST" name="test" finished-at="2025-08-26T10:02:37 IST" duration-ms="8103">
    <groups>
    </groups>
    <test started-at="2025-08-26T10:02:29 IST" name="test" finished-at="2025-08-26T10:02:37 IST" duration-ms="8103">
      <class name="Jenkins_package.NewTest">
        <test-method signature="f()[pri:0, instance:Jenkins_package.NewTest@6973b51b]" started-at="2025-08-26T10:02:29 IST" name="f" finished-at="2025-08-26T10:02:37 IST" duration-ms="8066" status="PASS">
          <reporter-output>
          </reporter-output>
        </test-method> <!-- f -->
      </class> <!-- Jenkins_package.NewTest -->
    </test> <!-- test -->
  </suite> <!-- test -->
</testng-results>
